<?xml version="1.0" encoding="UTF-8"?>
<!-- Generated by org.testng.reporters.JUnitReportReporter -->
<testsuite hostname="LAPTOP-G6N3LA4U" failures="0" tests="2" name="TestNG.Invocation" time="0.038" errors="0" timestamp="2023-08-11T17:39:20 IST" skipped="0">
  <testcase classname="TestNG.Invocation" name="demo2" time="0.003"/>
  <testcase classname="TestNG.Invocation" name="demo1" time="0.035"/>
</testsuite> <!-- TestNG.Invocation -->
