<?xml version="1.0" encoding="UTF-8"?>
<!-- Generated by org.testng.reporters.JUnitReportReporter -->
<testsuite hostname="LAPTOP-G6N3LA4U" failures="0" tests="1" name="TestNg_Fail.Amazon_Distributor" time="14.271" errors="0" timestamp="2023-08-12T17:34:51 IST" skipped="0">
  <testcase classname="TestNg_Fail.Amazon_Distributor" name="amazon" time="14.271"/>
</testsuite> <!-- TestNg_Fail.Amazon_Distributor -->
