<?xml version="1.0" encoding="UTF-8"?>
<!-- Generated by org.testng.reporters.JUnitReportReporter -->
<testsuite hostname="LAPTOP-G6N3LA4U" failures="0" tests="1" name="TestNg_Fail.Facebook_Distributor" time="8.974" errors="0" timestamp="2023-08-12T17:34:51 IST" skipped="0">
  <testcase classname="TestNg_Fail.Facebook_Distributor" name="facebook" time="8.974"/>
</testsuite> <!-- TestNg_Fail.Facebook_Distributor -->
