<?xml version="1.0" encoding="UTF-8"?>
<!-- Generated by org.testng.reporters.JUnitReportReporter -->
<testsuite hostname="LAPTOP-G6N3LA4U" failures="0" tests="1" name="TestNg_Parallel.Facebook_Distributor" time="21.419" errors="0" timestamp="2023-08-12T16:33:33 IST" skipped="0">
  <testcase classname="TestNg_Parallel.Facebook_Distributor" name="facebook" time="21.419"/>
</testsuite> <!-- TestNg_Parallel.Facebook_Distributor -->
