<?xml version="1.0" encoding="UTF-8"?>
<!-- Generated by org.testng.reporters.JUnitReportReporter -->
<testsuite hostname="LAPTOP-G6N3LA4U" failures="0" tests="3" name="TestNG.Priority" time="0.024" errors="0" timestamp="2023-08-11T17:39:20 IST" skipped="1">
  <testcase classname="TestNG.Priority" name="demo1" time="0.009"/>
  <testcase classname="TestNG.Priority" name="demo1" time="0.015"/>
  <testcase classname="TestNG.Priority" name="demo3">
    <skipped/>
  </testcase> <!-- demo3 -->
</testsuite> <!-- TestNG.Priority -->
