<?xml version="1.0" encoding="UTF-8"?>
<!-- Generated by org.testng.reporters.JUnitReportReporter -->
<testsuite hostname="LAPTOP-G6N3LA4U" failures="0" tests="1" name="TestNg_Parallel.Amazon_Distributor" time="19.656" errors="0" timestamp="2023-08-12T16:33:33 IST" skipped="0">
  <testcase classname="TestNg_Parallel.Amazon_Distributor" name="amazon" time="19.656"/>
</testsuite> <!-- TestNg_Parallel.Amazon_Distributor -->
