<?xml version="1.0" encoding="UTF-8"?>
<!-- Generated by org.testng.reporters.JUnitReportReporter -->
<testsuite hostname="LAPTOP-G6N3LA4U" failures="0" tests="1" name="TestNg_Group.Sample2" time="0.005" errors="0" timestamp="2023-08-14T16:20:21 IST" skipped="0">
  <testcase classname="TestNg_Group.Sample2" name="demo4" time="0.005"/>
</testsuite> <!-- TestNg_Group.Sample2 -->
