<?xml version="1.0" encoding="UTF-8"?>
<!-- Generated by org.testng.reporters.JUnitReportReporter -->
<testsuite hostname="LAPTOP-G6N3LA4U" failures="0" tests="1" name="TestNG.Assertions$Annotations" time="15.321" errors="0" timestamp="2023-08-14T17:20:08 IST" skipped="0">
  <testcase classname="TestNG.Assertions$Annotations" name="Login" time="15.321"/>
</testsuite> <!-- TestNG.Assertions$Annotations -->
