<?xml version="1.0" encoding="UTF-8"?>
<!-- Generated by org.testng.reporters.JUnitReportReporter -->
<testsuite hostname="LAPTOP-G6N3LA4U" failures="0" tests="1" name="TestNG.Annotations" time="10.038" errors="0" timestamp="2023-08-14T16:48:54 IST" skipped="0">
  <testcase classname="TestNG.Annotations" name="Login" time="10.038"/>
</testsuite> <!-- TestNG.Annotations -->
